<?xml version="1.0" encoding="UTF-8"?>
<testsuite xmlns:xsi="http://www.w3.org/2001/XMLSchema-instance" xsi:noNamespaceSchemaLocation="https://maven.apache.org/surefire/maven-surefire-plugin/xsd/surefire-test-report.xsd" version="3.0.2" name="rest_with_spring_boot_and_java.StartiupTests" time="6.441" tests="1" errors="0" skipped="0" failures="0" flakes="0">
  <properties>
[...]
</properties>
  <testcase name="contextLoads" classname="rest_with_spring_boot_and_java.StartiupTests" time="1.389">
    <system-out><![CDATA[21:19:58.585 [main] INFO org.springframework.test.context.support.AnnotationConfigContextLoaderUtils -- Could not detect default configuration classes for test class [rest_with_spring_boot_and_java.StartiupTests]: StartiupTests does not declare any static, non-private, non-final, nested classes annotated with @Configuration.
21:19:58.944 [main] INFO org.springframework.boot.test.context.SpringBootTestContextBootstrapper -- Found @SpringBootConfiguration rest_with_spring_boot_and_java.Startup for test class rest_with_spring_boot_and_java.StartiupTests
21:19:59.480 [main] INFO org.springframework.boot.devtools.restart.RestartApplicationListener -- Restart disabled due to context in which it is running

  .   ____          _            __ _ _
 /\\ / ___'_ __ _ _(_)_ __  __ _ \ \ \ \
( ( )\___ | '_ | '_| | '_ \/ _` | \ \ \ \
 \\/  ___)| |_)| | | | | || (_| |  ) ) ) )
  '  |____| .__|_| |_|_| |_\__, | / / / /
 =========|_|==============|___/=/_/_/_/

 :: Spring Boot ::               (v3.5.14)

2026-06-07T21:20:00.406-03:00  INFO 12372 --- [rest-with-spring-boot-and-java] [           main] r.StartiupTests                          : Starting StartiupTests using Java 25.0.2 with PID 12372 (started by Raiane Batista in C:\Users\Usuario\rest-with-spring-boot-and-java)
2026-06-07T21:20:00.409-03:00  INFO 12372 --- [rest-with-spring-boot-and-java] [           main] r.StartiupTests                          : No active profile set, falling back to 1 default profile: "default"
2026-06-07T21:20:03.193-03:00  INFO 12372 --- [rest-with-spring-boot-and-java] [           main] r.StartiupTests                          : Started StartiupTests in 3.744 seconds (process running for 6.498)
]]></system-out>
    <system-err><![CDATA[Mockito is currently self-attaching to enable the inline-mock-maker. This will no longer work in future releases of the JDK. Please add Mockito as an agent to your build as described in Mockito's documentation: https://javadoc.io/doc/org.mockito/mockito-core/latest/org.mockito/org/mockito/Mockito.html#0.3
WARNING: A Java agent has been loaded dynamically (C:\Users\Usuario\.m2\repository\net\bytebuddy\byte-buddy-agent\1.17.8\byte-buddy-agent-1.17.8.jar)
WARNING: If a serviceability tool is in use, please run with -XX:+EnableDynamicAgentLoading to hide this warning
WARNING: If a serviceability tool is not in use, please run with -Djdk.instrument.traceUsage for more information
WARNING: Dynamic loading of agents will be disallowed by default in a future release
]]></system-err>
  </testcase>
</testsuite>